#
# A fatal error has been detected by the Java Runtime Environment:
#
#  Internal Error (javaCalls.cpp:51), pid=26393, tid=139670962890496
#  guarantee(thread->is_Java_thread()) failed: crucial check - the VM thread cannot and must not escape to Java code
#
# JRE version: Java(TM) SE Runtime Environment (8.0_25-b17) (build 1.8.0_25-b17)
# Java VM: Java HotSpot(TM) 64-Bit Server VM (25.25-b02 mixed mode linux-amd64 compressed oops)
# Failed to write core dump. Core dumps have been disabled. To enable core dumping, try "ulimit -c unlimited" before starting Java again
#
# If you would like to submit a bug report, please visit:
#   http://bugreport.sun.com/bugreport/crash.jsp
#

---------------  T H R E A D  ---------------

Current thread (0x00007f07c4076000):  VMThread [stack: 0x00007f07ae10e000,0x00007f07ae20f000] [id=26404]

Stack: [0x00007f07ae10e000,0x00007f07ae20f000],  sp=0x00007f07ae20c340,  free space=1016k
Native frames: (J=compiled Java code, j=interpreted, Vv=VM code, C=native code)
V  [libjvm.so+0xa7923a]  VMError::report_and_die()+0x2ca
V  [libjvm.so+0x4e4b42]  report_vm_error(char const*, int, char const*, char const*)+0x62
V  [libjvm.so+0x662bcf]  JavaCallWrapper::JavaCallWrapper(methodHandle, Handle, JavaValue*, Thread*)+0x24f
V  [libjvm.so+0x6638b4]  JavaCalls::call_helper(JavaValue*, methodHandle*, JavaCallArguments*, Thread*)+0x884
V  [libjvm.so+0x665431]  JavaCalls::call_special(JavaValue*, KlassHandle, Symbol*, Symbol*, JavaCallArguments*, Thread*)+0x2c1
V  [libjvm.so+0x5644aa]  Exceptions::new_exception(Thread*, Symbol*, Symbol*, JavaCallArguments*, Handle, Handle)+0x17a
V  [libjvm.so+0x564562]  Exceptions::new_exception(Thread*, Symbol*, Symbol*, JavaCallArguments*, Handle, Handle, Handle)+0x22
V  [libjvm.so+0x564af1]  Exceptions::new_exception(Thread*, Symbol*, char const*, Handle, Handle, Handle, Exceptions::ExceptionMsgToUtf8Mode)+0x1d1
V  [libjvm.so+0x564b88]  Exceptions::new_exception(Thread*, Symbol*, char const*, Exceptions::ExceptionMsgToUtf8Mode)+0x18
V  [libjvm.so+0x5c513b]  GenerateOopMap::verify_error(char const*, ...)+0x8b
V  [libjvm.so+0x5ccfc3]  GenerateOopMap::interp_bb(BasicBlock*)+0x303
V  [libjvm.so+0x5cd75a]  GenerateOopMap::do_interpretation()+0x17a
V  [libjvm.so+0x5cdb0d]  GenerateOopMap::compute_map(Thread*)+0x34d
V  [libjvm.so+0x8d8624]  OopMapForCacheEntry::compute_map(Thread*)+0xb4
V  [libjvm.so+0x8da6c2]  OopMapCacheEntry::fill(methodHandle, int)+0x2c2
V  [libjvm.so+0x8dbb55]  OopMapCache::lookup(methodHandle, int, InterpreterOopMap*)+0x9d5
V  [libjvm.so+0x619e32]  InstanceKlass::mask_for(methodHandle, int, InterpreterOopMap*)+0x82
V  [libjvm.so+0x87a73d]  Method::mask_for(int, InterpreterOopMap*)+0x9d
V  [libjvm.so+0xa6e5e6]  interpretedVFrame::locals() const+0x106
V  [libjvm.so+0x775586]  VM_GetOrSetLocal::doit()+0xe6
V  [libjvm.so+0xa81fd5]  VM_Operation::evaluate()+0x55
V  [libjvm.so+0xa803aa]  VMThread::evaluate_operation(VM_Operation*)+0xba
V  [libjvm.so+0xa8072e]  VMThread::loop()+0x1ce
V  [libjvm.so+0xa80ba0]  VMThread::run()+0x70
V  [libjvm.so+0x8e7d48]  java_start(Thread*)+0x108

VM_Operation (0x00007f07adc05960): GetOrSetLocal, mode: safepoint, requested by thread 0x00007f07c40c0800


---------------  P R O C E S S  ---------------

Java Threads: ( => current thread )
  0x00007f07c40d0000 JavaThread "Service Thread" daemon [_thread_blocked, id=26420, stack(0x00007f07ad500000,0x00007f07ad601000)]
  0x00007f07c40cb000 JavaThread "C1 CompilerThread2" daemon [_thread_blocked, id=26419, stack(0x00007f07ad601000,0x00007f07ad702000)]
  0x00007f07c40c9000 JavaThread "C2 CompilerThread1" daemon [_thread_blocked, id=26418, stack(0x00007f07ad702000,0x00007f07ad803000)]
  0x00007f07c40c6000 JavaThread "C2 CompilerThread0" daemon [_thread_blocked, id=26417, stack(0x00007f07ad803000,0x00007f07ad904000)]
  0x00007f078c001000 JavaThread "JDWP Command Reader" daemon [_thread_in_native, id=26413, stack(0x00007f07ad904000,0x00007f07ada05000)]
  0x00007f07c40c4000 JavaThread "JDWP Event Helper Thread" daemon [_thread_blocked, id=26412, stack(0x00007f07ada05000,0x00007f07adb06000)]
  0x00007f07c40c0800 JavaThread "JDWP Transport Listener: dt_socket" daemon [_thread_blocked, id=26409, stack(0x00007f07adb06000,0x00007f07adc07000)]
  0x00007f07c40b1000 JavaThread "Signal Dispatcher" daemon [_thread_blocked, id=26407, stack(0x00007f07ade0b000,0x00007f07adf0c000)]
  0x00007f07c407f800 JavaThread "Finalizer" daemon [_thread_blocked, id=26406, stack(0x00007f07adf0c000,0x00007f07ae00d000)]
  0x00007f07c407d000 JavaThread "Reference Handler" daemon [_thread_blocked, id=26405, stack(0x00007f07ae00d000,0x00007f07ae10e000)]
  0x00007f07c400d000 JavaThread "main" [_thread_blocked, id=26398, stack(0x00007f07ccc6b000,0x00007f07ccd6c000)]

Other Threads:
=>0x00007f07c4076000 VMThread [stack: 0x00007f07ae10e000,0x00007f07ae20f000] [id=26404]
  0x00007f07c40da800 WatcherThread [stack: 0x00007f07ad3ff000,0x00007f07ad500000] [id=26421]

VM state:at safepoint (normal execution)

VM Mutex/Monitor currently owned by a thread:  ([mutex/lock_event])
[0x00007f07c40094a0] Threads_lock - owner thread: 0x00007f07c4076000

Heap:
 PSYoungGen      total 17408K, used 1536K [0x00000000ecb80000, 0x00000000ede80000, 0x0000000100000000)
  eden space 15360K, 10% used [0x00000000ecb80000,0x00000000ecd001e8,0x00000000eda80000)
  from space 2048K, 0% used [0x00000000edc80000,0x00000000edc80000,0x00000000ede80000)
  to   space 2048K, 0% used [0x00000000eda80000,0x00000000eda80000,0x00000000edc80000)
 ParOldGen       total 39936K, used 0K [0x00000000c6200000, 0x00000000c8900000, 0x00000000ecb80000)
  object space 39936K, 0% used [0x00000000c6200000,0x00000000c6200000,0x00000000c8900000)
 Metaspace       used 2660K, capacity 4568K, committed 4864K, reserved 1056768K
  class space    used 285K, capacity 392K, committed 512K, reserved 1048576K

Card table byte_map: [0x00007f07c9091000,0x00007f07c9261000] byte_map_base: 0x00007f07c8a60000

Marking Bits: (ParMarkBitMap*) 0x00007f07cc1522c0
 Begin Bits: [0x00007f07ae310000, 0x00007f07af188000)
 End Bits:   [0x00007f07af188000, 0x00007f07b0000000)

Polling page: 0x00007f07ccd98000

CodeCache: size=245760Kb used=1081Kb max_used=1081Kb free=244678Kb
 bounds [0x00007f07b5000000, 0x00007f07b5270000, 0x00007f07c4000000]
 total_blobs=235 nmethods=20 adapters=140
 compilation: enabled

Compilation events (10 events):
Event: 0,190 Thread 0x00007f07c40cb000   15       3       java.lang.String::indexOf (7 bytes)
Event: 0,191 Thread 0x00007f07c40cb000 nmethod 15 0x00007f07b510c890 code [0x00007f07b510ca00, 0x00007f07b510cc28]
Event: 0,191 Thread 0x00007f07c40cb000   16       3       java.lang.System::getSecurityManager (4 bytes)
Event: 0,191 Thread 0x00007f07c40cb000 nmethod 16 0x00007f07b510ccd0 code [0x00007f07b510ce20, 0x00007f07b510cf50]
Event: 0,191 Thread 0x00007f07c40cb000   17       3       java.util.concurrent.ConcurrentHashMap::tabAt (21 bytes)
Event: 0,191 Thread 0x00007f07c40cb000 nmethod 17 0x00007f07b510d350 code [0x00007f07b510d4c0, 0x00007f07b510d6f0]
Event: 0,211 Thread 0x00007f07c40cb000   19       3       java.lang.AbstractStringBuilder::ensureCapacityInternal (16 bytes)
Event: 0,212 Thread 0x00007f07c40cb000 nmethod 19 0x00007f07b510d790 code [0x00007f07b510d900, 0x00007f07b510db68]
Event: 0,213 Thread 0x00007f07c40cb000   20       3       java.lang.String::lastIndexOf (52 bytes)
Event: 0,214 Thread 0x00007f07c40cb000 nmethod 20 0x00007f07b510dc50 code [0x00007f07b510dde0, 0x00007f07b510e1a8]

GC Heap History (0 events):
No events

Deoptimization events (0 events):
No events

Internal exceptions (10 events):
Event: 0,039 Thread 0x00007f07c400d000 Exception <a 'java/lang/NoSuchMethodError': Method sun.misc.Unsafe.prefetchRead(Ljava/lang/Object;J)V name or signature does not match> (0x00000000ecb91ef8) thrown at [/HUDSON/workspace/8-2-build-linux-amd64/jdk8u25/1514/hotspot/src/share/vm/prims/jni.cpp
Event: 0,171 Thread 0x00007f07c400d000 Exception <a 'java/security/PrivilegedActionException'> (0x00000000ecc6fec0) thrown at [/HUDSON/workspace/8-2-build-linux-amd64/jdk8u25/1514/hotspot/src/share/vm/prims/jvm.cpp, line 1312]
Event: 0,182 Thread 0x00007f07c400d000 Exception <a 'java/security/PrivilegedActionException'> (0x00000000ecc7abb8) thrown at [/HUDSON/workspace/8-2-build-linux-amd64/jdk8u25/1514/hotspot/src/share/vm/prims/jvm.cpp, line 1312]
Event: 0,186 Thread 0x00007f07c400d000 Exception <a 'java/security/PrivilegedActionException'> (0x00000000ecc7e0c8) thrown at [/HUDSON/workspace/8-2-build-linux-amd64/jdk8u25/1514/hotspot/src/share/vm/prims/jvm.cpp, line 1312]
Event: 0,186 Thread 0x00007f07c400d000 Exception <a 'java/security/PrivilegedActionException'> (0x00000000ecc7f958) thrown at [/HUDSON/workspace/8-2-build-linux-amd64/jdk8u25/1514/hotspot/src/share/vm/prims/jvm.cpp, line 1312]
Event: 0,188 Thread 0x00007f07c400d000 Exception <a 'java/security/PrivilegedActionException'> (0x00000000ecc81898) thrown at [/HUDSON/workspace/8-2-build-linux-amd64/jdk8u25/1514/hotspot/src/share/vm/prims/jvm.cpp, line 1312]
Event: 0,189 Thread 0x00007f07c400d000 Exception <a 'java/security/PrivilegedActionException'> (0x00000000ecc830b0) thrown at [/HUDSON/workspace/8-2-build-linux-amd64/jdk8u25/1514/hotspot/src/share/vm/prims/jvm.cpp, line 1312]
Event: 0,190 Thread 0x00007f07c400d000 Exception <a 'java/security/PrivilegedActionException'> (0x00000000ecc85208) thrown at [/HUDSON/workspace/8-2-build-linux-amd64/jdk8u25/1514/hotspot/src/share/vm/prims/jvm.cpp, line 1312]
Event: 0,211 Thread 0x00007f07c400d000 Exception <a 'java/security/PrivilegedActionException'> (0x00000000ecc8fd80) thrown at [/HUDSON/workspace/8-2-build-linux-amd64/jdk8u25/1514/hotspot/src/share/vm/prims/jvm.cpp, line 1312]
Event: 0,212 Thread 0x00007f07c400d000 Exception <a 'java/security/PrivilegedActionException'> (0x00000000ecc921b8) thrown at [/HUDSON/workspace/8-2-build-linux-amd64/jdk8u25/1514/hotspot/src/share/vm/prims/jvm.cpp, line 1312]

Events (10 events):
Event: 17,691 Executing VM operation: ChangeBreakpoints done
Event: 17,698 Executing VM operation: EnterInterpOnlyMode
Event: 17,698 Executing VM operation: EnterInterpOnlyMode done
Event: 17,698 Executing VM operation: GetCurrentLocation
Event: 17,699 Executing VM operation: GetCurrentLocation done
Event: 17,699 Executing VM operation: ChangeSingleStep
Event: 17,699 Executing VM operation: ChangeSingleStep done
Event: 17,700 Executing VM operation: ChangeSingleStep
Event: 17,700 Executing VM operation: ChangeSingleStep done
Event: 17,940 Executing VM operation: GetOrSetLocal


Dynamic libraries:
00400000-00401000 r-xp 00000000 08:05 940951                             /usr/local/java/jre1.8.0_25/bin/java
00600000-00601000 rw-p 00000000 08:05 940951                             /usr/local/java/jre1.8.0_25/bin/java
01b5c000-01b7d000 rw-p 00000000 00:00 0                                  [heap]
c6200000-c8900000 rw-p 00000000 00:00 0 
c8900000-ecb80000 ---p 00000000 00:00 0 
ecb80000-ede80000 rw-p 00000000 00:00 0 
ede80000-100000000 ---p 00000000 00:00 0 
100000000-100080000 rw-p 00000000 00:00 0 
100080000-140000000 ---p 00000000 00:00 0 
7f0768000000-7f0768021000 rw-p 00000000 00:00 0 
7f0768021000-7f076c000000 ---p 00000000 00:00 0 
7f0770000000-7f0770021000 rw-p 00000000 00:00 0 
7f0770021000-7f0774000000 ---p 00000000 00:00 0 
7f0774000000-7f0774021000 rw-p 00000000 00:00 0 
7f0774021000-7f0778000000 ---p 00000000 00:00 0 
7f0778000000-7f0778056000 rw-p 00000000 00:00 0 
7f0778056000-7f077c000000 ---p 00000000 00:00 0 
7f077c000000-7f077c021000 rw-p 00000000 00:00 0 
7f077c021000-7f0780000000 ---p 00000000 00:00 0 
7f0780000000-7f0780021000 rw-p 00000000 00:00 0 
7f0780021000-7f0784000000 ---p 00000000 00:00 0 
7f0784000000-7f0784021000 rw-p 00000000 00:00 0 
7f0784021000-7f0788000000 ---p 00000000 00:00 0 
7f0788000000-7f0788021000 rw-p 00000000 00:00 0 
7f0788021000-7f078c000000 ---p 00000000 00:00 0 
7f078c000000-7f078c021000 rw-p 00000000 00:00 0 
7f078c021000-7f0790000000 ---p 00000000 00:00 0 
7f0790000000-7f0790021000 rw-p 00000000 00:00 0 
7f0790021000-7f0794000000 ---p 00000000 00:00 0 
7f0794000000-7f0794021000 rw-p 00000000 00:00 0 
7f0794021000-7f0798000000 ---p 00000000 00:00 0 
7f0798000000-7f0798021000 rw-p 00000000 00:00 0 
7f0798021000-7f079c000000 ---p 00000000 00:00 0 
7f079c000000-7f079c021000 rw-p 00000000 00:00 0 
7f079c021000-7f07a0000000 ---p 00000000 00:00 0 
7f07a0000000-7f07a0021000 rw-p 00000000 00:00 0 
7f07a0021000-7f07a4000000 ---p 00000000 00:00 0 
7f07a8000000-7f07a8021000 rw-p 00000000 00:00 0 
7f07a8021000-7f07ac000000 ---p 00000000 00:00 0 
7f07ad18a000-7f07ad3ff000 rw-p 00000000 00:00 0 
7f07ad3ff000-7f07ad400000 ---p 00000000 00:00 0 
7f07ad400000-7f07ad500000 rw-p 00000000 00:00 0                          [stack:26421]
7f07ad500000-7f07ad503000 ---p 00000000 00:00 0 
7f07ad503000-7f07ad601000 rw-p 00000000 00:00 0                          [stack:26420]
7f07ad601000-7f07ad604000 ---p 00000000 00:00 0 
7f07ad604000-7f07ad702000 rw-p 00000000 00:00 0                          [stack:26419]
7f07ad702000-7f07ad705000 ---p 00000000 00:00 0 
7f07ad705000-7f07ad803000 rw-p 00000000 00:00 0                          [stack:26418]
7f07ad803000-7f07ad806000 ---p 00000000 00:00 0 
7f07ad806000-7f07ad904000 rw-p 00000000 00:00 0                          [stack:26417]
7f07ad904000-7f07ad907000 ---p 00000000 00:00 0 
7f07ad907000-7f07ada05000 rw-p 00000000 00:00 0                          [stack:26413]
7f07ada05000-7f07ada08000 ---p 00000000 00:00 0 
7f07ada08000-7f07adb06000 rw-p 00000000 00:00 0                          [stack:26412]
7f07adb06000-7f07adb09000 ---p 00000000 00:00 0 
7f07adb09000-7f07adc07000 rw-p 00000000 00:00 0                          [stack:26409]
7f07adc07000-7f07adc0b000 r-xp 00000000 08:05 940800                     /usr/local/java/jre1.8.0_25/lib/amd64/libdt_socket.so
7f07adc0b000-7f07ade0a000 ---p 00004000 08:05 940800                     /usr/local/java/jre1.8.0_25/lib/amd64/libdt_socket.so
7f07ade0a000-7f07ade0b000 rw-p 00003000 08:05 940800                     /usr/local/java/jre1.8.0_25/lib/amd64/libdt_socket.so
7f07ade0b000-7f07ade0e000 ---p 00000000 00:00 0 
7f07ade0e000-7f07adf0c000 rw-p 00000000 00:00 0                          [stack:26407]
7f07adf0c000-7f07adf0f000 ---p 00000000 00:00 0 
7f07adf0f000-7f07ae00d000 rw-p 00000000 00:00 0                          [stack:26406]
7f07ae00d000-7f07ae010000 ---p 00000000 00:00 0 
7f07ae010000-7f07ae10e000 rw-p 00000000 00:00 0                          [stack:26405]
7f07ae10e000-7f07ae10f000 ---p 00000000 00:00 0 
7f07ae10f000-7f07b0000000 rw-p 00000000 00:00 0                          [stack:26404]
7f07b0000000-7f07b0021000 rw-p 00000000 00:00 0 
7f07b0021000-7f07b4000000 ---p 00000000 00:00 0 
7f07b401c000-7f07b4e2a000 rw-p 00000000 00:00 0 
7f07b4e2a000-7f07b5000000 r--s 03caa000 08:05 940871                     /usr/local/java/jre1.8.0_25/lib/rt.jar
7f07b5000000-7f07b5270000 rwxp 00000000 00:00 0 
7f07b5270000-7f07c4000000 ---p 00000000 00:00 0 
7f07c4000000-7f07c4101000 rw-p 00000000 00:00 0 
7f07c4101000-7f07c8000000 ---p 00000000 00:00 0 
7f07c8061000-7f07c85c9000 rw-p 00000000 00:00 0 
7f07c85c9000-7f07c8989000 ---p 00000000 00:00 0 
7f07c8989000-7f07c8b58000 rw-p 00000000 00:00 0 
7f07c8b58000-7f07c8b59000 ---p 00000000 00:00 0 
7f07c8b59000-7f07c8c59000 rw-p 00000000 00:00 0                          [stack:26403]
7f07c8c59000-7f07c8c5a000 ---p 00000000 00:00 0 
7f07c8c5a000-7f07c8d5a000 rw-p 00000000 00:00 0                          [stack:26402]
7f07c8d5a000-7f07c8d5b000 ---p 00000000 00:00 0 
7f07c8d5b000-7f07c8e5b000 rw-p 00000000 00:00 0                          [stack:26401]
7f07c8e5b000-7f07c8e5c000 ---p 00000000 00:00 0 
7f07c8e5c000-7f07c8f70000 rw-p 00000000 00:00 0                          [stack:26400]
7f07c8f70000-7f07c9091000 ---p 00000000 00:00 0 
7f07c9091000-7f07c90a5000 rw-p 00000000 00:00 0 
7f07c90a5000-7f07c91c5000 ---p 00000000 00:00 0 
7f07c91c5000-7f07c91d0000 rw-p 00000000 00:00 0 
7f07c91d0000-7f07c9260000 ---p 00000000 00:00 0 
7f07c9260000-7f07c926b000 rw-p 00000000 00:00 0 
7f07c926b000-7f07c9621000 ---p 00000000 00:00 0 
7f07c9621000-7f07c963b000 r-xp 00000000 08:05 940825                     /usr/local/java/jre1.8.0_25/lib/amd64/libzip.so
7f07c963b000-7f07c983b000 ---p 0001a000 08:05 940825                     /usr/local/java/jre1.8.0_25/lib/amd64/libzip.so
7f07c983b000-7f07c983c000 rw-p 0001a000 08:05 940825                     /usr/local/java/jre1.8.0_25/lib/amd64/libzip.so
7f07c983c000-7f07c9847000 r-xp 00000000 08:05 410393                     /lib/x86_64-linux-gnu/libnss_files-2.19.so
7f07c9847000-7f07c9a46000 ---p 0000b000 08:05 410393                     /lib/x86_64-linux-gnu/libnss_files-2.19.so
7f07c9a46000-7f07c9a47000 r--p 0000a000 08:05 410393                     /lib/x86_64-linux-gnu/libnss_files-2.19.so
7f07c9a47000-7f07c9a48000 rw-p 0000b000 08:05 410393                     /lib/x86_64-linux-gnu/libnss_files-2.19.so
7f07c9a48000-7f07c9a53000 r-xp 00000000 08:05 410383                     /lib/x86_64-linux-gnu/libnss_nis-2.19.so
7f07c9a53000-7f07c9c52000 ---p 0000b000 08:05 410383                     /lib/x86_64-linux-gnu/libnss_nis-2.19.so
7f07c9c52000-7f07c9c53000 r--p 0000a000 08:05 410383                     /lib/x86_64-linux-gnu/libnss_nis-2.19.so
7f07c9c53000-7f07c9c54000 rw-p 0000b000 08:05 410383                     /lib/x86_64-linux-gnu/libnss_nis-2.19.so
7f07c9c54000-7f07c9c6b000 r-xp 00000000 08:05 410378                     /lib/x86_64-linux-gnu/libnsl-2.19.so
7f07c9c6b000-7f07c9e6a000 ---p 00017000 08:05 410378                     /lib/x86_64-linux-gnu/libnsl-2.19.so
7f07c9e6a000-7f07c9e6b000 r--p 00016000 08:05 410378                     /lib/x86_64-linux-gnu/libnsl-2.19.so
7f07c9e6b000-7f07c9e6c000 rw-p 00017000 08:05 410378                     /lib/x86_64-linux-gnu/libnsl-2.19.so
7f07c9e6c000-7f07c9e6e000 rw-p 00000000 00:00 0 
7f07c9e6e000-7f07c9e77000 r-xp 00000000 08:05 410377                     /lib/x86_64-linux-gnu/libnss_compat-2.19.so
7f07c9e77000-7f07ca076000 ---p 00009000 08:05 410377                     /lib/x86_64-linux-gnu/libnss_compat-2.19.so
7f07ca076000-7f07ca077000 r--p 00008000 08:05 410377                     /lib/x86_64-linux-gnu/libnss_compat-2.19.so
7f07ca077000-7f07ca078000 rw-p 00009000 08:05 410377                     /lib/x86_64-linux-gnu/libnss_compat-2.19.so
7f07ca078000-7f07ca472000 r--p 00000000 08:05 798342                     /usr/lib/locale/locale-archive
7f07ca472000-7f07ca474000 r-xp 00000000 08:05 940810                     /usr/local/java/jre1.8.0_25/lib/amd64/libnpt.so
7f07ca474000-7f07ca674000 ---p 00002000 08:05 940810                     /usr/local/java/jre1.8.0_25/lib/amd64/libnpt.so
7f07ca674000-7f07ca675000 rw-p 00002000 08:05 940810                     /usr/local/java/jre1.8.0_25/lib/amd64/libnpt.so
7f07ca675000-7f07ca6ae000 r-xp 00000000 08:05 940815                     /usr/local/java/jre1.8.0_25/lib/amd64/libjdwp.so
7f07ca6ae000-7f07ca8ad000 ---p 00039000 08:05 940815                     /usr/local/java/jre1.8.0_25/lib/amd64/libjdwp.so
7f07ca8ad000-7f07ca8af000 rw-p 00038000 08:05 940815                     /usr/local/java/jre1.8.0_25/lib/amd64/libjdwp.so
7f07ca8af000-7f07ca8d9000 r-xp 00000000 08:05 940806                     /usr/local/java/jre1.8.0_25/lib/amd64/libjava.so
7f07ca8d9000-7f07caad9000 ---p 0002a000 08:05 940806                     /usr/local/java/jre1.8.0_25/lib/amd64/libjava.so
7f07caad9000-7f07caadb000 rw-p 0002a000 08:05 940806                     /usr/local/java/jre1.8.0_25/lib/amd64/libjava.so
7f07caadb000-7f07caae8000 r-xp 00000000 08:05 940819                     /usr/local/java/jre1.8.0_25/lib/amd64/libverify.so
7f07caae8000-7f07cace8000 ---p 0000d000 08:05 940819                     /usr/local/java/jre1.8.0_25/lib/amd64/libverify.so
7f07cace8000-7f07cacea000 rw-p 0000d000 08:05 940819                     /usr/local/java/jre1.8.0_25/lib/amd64/libverify.so
7f07cacea000-7f07cacf1000 r-xp 00000000 08:05 410389                     /lib/x86_64-linux-gnu/librt-2.19.so
7f07cacf1000-7f07caef0000 ---p 00007000 08:05 410389                     /lib/x86_64-linux-gnu/librt-2.19.so
7f07caef0000-7f07caef1000 r--p 00006000 08:05 410389                     /lib/x86_64-linux-gnu/librt-2.19.so
7f07caef1000-7f07caef2000 rw-p 00007000 08:05 410389                     /lib/x86_64-linux-gnu/librt-2.19.so
7f07caef2000-7f07caff7000 r-xp 00000000 08:05 410371                     /lib/x86_64-linux-gnu/libm-2.19.so
7f07caff7000-7f07cb1f6000 ---p 00105000 08:05 410371                     /lib/x86_64-linux-gnu/libm-2.19.so
7f07cb1f6000-7f07cb1f7000 r--p 00104000 08:05 410371                     /lib/x86_64-linux-gnu/libm-2.19.so
7f07cb1f7000-7f07cb1f8000 rw-p 00105000 08:05 410371                     /lib/x86_64-linux-gnu/libm-2.19.so
7f07cb1f8000-7f07cbe65000 r-xp 00000000 08:05 940839                     /usr/local/java/jre1.8.0_25/lib/amd64/server/libjvm.so
7f07cbe65000-7f07cc064000 ---p 00c6d000 08:05 940839                     /usr/local/java/jre1.8.0_25/lib/amd64/server/libjvm.so
7f07cc064000-7f07cc13a000 rw-p 00c6c000 08:05 940839                     /usr/local/java/jre1.8.0_25/lib/amd64/server/libjvm.so
7f07cc13a000-7f07cc17d000 rw-p 00000000 00:00 0 
7f07cc17d000-7f07cc338000 r-xp 00000000 08:05 410390                     /lib/x86_64-linux-gnu/libc-2.19.so
7f07cc338000-7f07cc537000 ---p 001bb000 08:05 410390                     /lib/x86_64-linux-gnu/libc-2.19.so
7f07cc537000-7f07cc53b000 r--p 001ba000 08:05 410390                     /lib/x86_64-linux-gnu/libc-2.19.so
7f07cc53b000-7f07cc53d000 rw-p 001be000 08:05 410390                     /lib/x86_64-linux-gnu/libc-2.19.so
7f07cc53d000-7f07cc542000 rw-p 00000000 00:00 0 
7f07cc542000-7f07cc545000 r-xp 00000000 08:05 410373                     /lib/x86_64-linux-gnu/libdl-2.19.so
7f07cc545000-7f07cc744000 ---p 00003000 08:05 410373                     /lib/x86_64-linux-gnu/libdl-2.19.so
7f07cc744000-7f07cc745000 r--p 00002000 08:05 410373                     /lib/x86_64-linux-gnu/libdl-2.19.so
7f07cc745000-7f07cc746000 rw-p 00003000 08:05 410373                     /lib/x86_64-linux-gnu/libdl-2.19.so
7f07cc746000-7f07cc75b000 r-xp 00000000 08:05 940814                     /usr/local/java/jre1.8.0_25/lib/amd64/jli/libjli.so
7f07cc75b000-7f07cc95a000 ---p 00015000 08:05 940814                     /usr/local/java/jre1.8.0_25/lib/amd64/jli/libjli.so
7f07cc95a000-7f07cc95b000 rw-p 00014000 08:05 940814                     /usr/local/java/jre1.8.0_25/lib/amd64/jli/libjli.so
7f07cc95b000-7f07cc974000 r-xp 00000000 08:05 410379                     /lib/x86_64-linux-gnu/libpthread-2.19.so
7f07cc974000-7f07ccb73000 ---p 00019000 08:05 410379                     /lib/x86_64-linux-gnu/libpthread-2.19.so
7f07ccb73000-7f07ccb74000 r--p 00018000 08:05 410379                     /lib/x86_64-linux-gnu/libpthread-2.19.so
7f07ccb74000-7f07ccb75000 rw-p 00019000 08:05 410379                     /lib/x86_64-linux-gnu/libpthread-2.19.so
7f07ccb75000-7f07ccb79000 rw-p 00000000 00:00 0 
7f07ccb79000-7f07ccb9c000 r-xp 00000000 08:05 410381                     /lib/x86_64-linux-gnu/ld-2.19.so
7f07ccba6000-7f07ccc6b000 rw-p 00000000 00:00 0 
7f07ccc6b000-7f07ccc6e000 ---p 00000000 00:00 0 
7f07ccc6e000-7f07ccd70000 rw-p 00000000 00:00 0                          [stack:26398]
7f07ccd7b000-7f07ccd8f000 rw-p 00000000 00:00 0 
7f07ccd8f000-7f07ccd97000 rw-s 00000000 08:05 657630                     /tmp/hsperfdata_eebritos/26393
7f07ccd97000-7f07ccd98000 rw-p 00000000 00:00 0 
7f07ccd98000-7f07ccd99000 ---p 00000000 00:00 0 
7f07ccd99000-7f07ccd9b000 rw-p 00000000 00:00 0 
7f07ccd9b000-7f07ccd9c000 r--p 00022000 08:05 410381                     /lib/x86_64-linux-gnu/ld-2.19.so
7f07ccd9c000-7f07ccd9d000 rw-p 00023000 08:05 410381                     /lib/x86_64-linux-gnu/ld-2.19.so
7f07ccd9d000-7f07ccd9e000 rw-p 00000000 00:00 0 
7fffd41c5000-7fffd41e6000 rw-p 00000000 00:00 0                          [stack]
7fffd41f7000-7fffd41f9000 r-xp 00000000 00:00 0                          [vdso]
ffffffffff600000-ffffffffff601000 r-xp 00000000 00:00 0                  [vsyscall]

VM Arguments:
jvm_args: -agentlib:jdwp=transport=dt_socket,suspend=y,address=localhost:40561 -Djava.library.path=/home/eebritos/Downloads/eclipse/commons-lang3-3.4 -Dfile.encoding=UTF-8 
java_command: machine.Machine
java_class_path (initial): /home/eebritos/workspace/RamMachine/bin:/home/eebritos/Downloads/eclipse/commons-lang3-3.4/commons-lang3-3.4.jar
Launcher Type: SUN_STANDARD

Environment Variables:
JAVA_HOME=/usr/local/java/jre1.8.0_25
PATH=/usr/local/sbin:/usr/local/bin:/usr/sbin:/usr/bin:/sbin:/bin:/usr/games:/usr/local/games:/home/eebritos/bin:/usr/local/java/jre1.8.0_25/bin:/home/android-sdk-linux/tools:/home/android-sdk-linux/platforms
SHELL=/bin/bash
DISPLAY=:0

Signal Handlers:
SIGSEGV: [libjvm.so+0xa79a80], sa_mask[0]=11111111011111111101111111111110, sa_flags=SA_RESTART|SA_SIGINFO
SIGBUS: [libjvm.so+0xa79a80], sa_mask[0]=11111111011111111101111111111110, sa_flags=SA_RESTART|SA_SIGINFO
SIGFPE: [libjvm.so+0x8e24e0], sa_mask[0]=11111111011111111101111111111110, sa_flags=SA_RESTART|SA_SIGINFO
SIGPIPE: [libjvm.so+0x8e24e0], sa_mask[0]=11111111011111111101111111111110, sa_flags=SA_RESTART|SA_SIGINFO
SIGXFSZ: [libjvm.so+0x8e24e0], sa_mask[0]=11111111011111111101111111111110, sa_flags=SA_RESTART|SA_SIGINFO
SIGILL: [libjvm.so+0x8e24e0], sa_mask[0]=11111111011111111101111111111110, sa_flags=SA_RESTART|SA_SIGINFO
SIGUSR1: SIG_DFL, sa_mask[0]=00000000000000000000000000000000, sa_flags=none
SIGUSR2: [libjvm.so+0x8e3d10], sa_mask[0]=00100000000000000000000000000000, sa_flags=SA_RESTART|SA_SIGINFO
SIGHUP: [libjvm.so+0x8e50d0], sa_mask[0]=11111111011111111101111111111110, sa_flags=SA_RESTART|SA_SIGINFO
SIGINT: [libjvm.so+0x8e50d0], sa_mask[0]=11111111011111111101111111111110, sa_flags=SA_RESTART|SA_SIGINFO
SIGTERM: [libjvm.so+0x8e50d0], sa_mask[0]=11111111011111111101111111111110, sa_flags=SA_RESTART|SA_SIGINFO
SIGQUIT: [libjvm.so+0x8e50d0], sa_mask[0]=11111111011111111101111111111110, sa_flags=SA_RESTART|SA_SIGINFO


---------------  S Y S T E M  ---------------

OS:DISTRIB_ID=Ubuntu
DISTRIB_RELEASE=14.04
DISTRIB_CODENAME=trusty
DISTRIB_DESCRIPTION="Ubuntu 14.04.4 LTS"

uname:Linux 3.13.0-77-generic #121-Ubuntu SMP Wed Jan 20 10:50:42 UTC 2016 x86_64
libc:glibc 2.19 NPTL 2.19 
rlimit: STACK 8192k, CORE 0k, NPROC 28917, NOFILE 4096, AS infinity
load average:1,35 0,68 0,74

/proc/meminfo:
MemTotal:        3788960 kB
MemFree:         1026088 kB
Buffers:           12740 kB
Cached:           434984 kB
SwapCached:       100184 kB
Active:          1435544 kB
Inactive:         959116 kB
Active(anon):    1283216 kB
Inactive(anon):   763500 kB
Active(file):     152328 kB
Inactive(file):   195616 kB
Unevictable:         816 kB
Mlocked:             816 kB
SwapTotal:       7999484 kB
SwapFree:        7499620 kB
Dirty:             12380 kB
Writeback:             0 kB
AnonPages:       1861568 kB
Mapped:           209912 kB
Shmem:             99412 kB
Slab:             117020 kB
SReclaimable:      77776 kB
SUnreclaim:        39244 kB
KernelStack:        5008 kB
PageTables:        45736 kB
NFS_Unstable:          0 kB
Bounce:                0 kB
WritebackTmp:          0 kB
CommitLimit:     9893964 kB
Committed_AS:    7154392 kB
VmallocTotal:   34359738367 kB
VmallocUsed:       25044 kB
VmallocChunk:   34359678432 kB
HardwareCorrupted:     0 kB
AnonHugePages:    772096 kB
HugePages_Total:       0
HugePages_Free:        0
HugePages_Rsvd:        0
HugePages_Surp:        0
Hugepagesize:       2048 kB
DirectMap4k:       70208 kB
DirectMap2M:     2811904 kB
DirectMap1G:     3145728 kB


CPU:total 4 (4 cores per cpu, 1 threads per core) family 16 model 5 stepping 3, cmov, cx8, fxsr, mmx, sse, sse2, sse3, popcnt, mmxext, 3dnowpref, lzcnt, sse4a, tsc, tscinvbit, tscinv

/proc/cpuinfo:
processor	: 0
vendor_id	: AuthenticAMD
cpu family	: 16
model		: 5
model name	: AMD Phenom(tm) II N970 Quad-Core Processor
stepping	: 3
microcode	: 0x10000c8
cpu MHz		: 800.000
cache size	: 512 KB
physical id	: 0
siblings	: 4
core id		: 0
cpu cores	: 4
apicid		: 0
initial apicid	: 0
fpu		: yes
fpu_exception	: yes
cpuid level	: 5
wp		: yes
flags		: fpu vme de pse tsc msr pae mce cx8 apic sep mtrr pge mca cmov pat pse36 clflush mmx fxsr sse sse2 ht syscall nx mmxext fxsr_opt pdpe1gb rdtscp lm 3dnowext 3dnow constant_tsc rep_good nopl nonstop_tsc extd_apicid pni monitor cx16 popcnt lahf_lm cmp_legacy svm extapic cr8_legacy abm sse4a misalignsse 3dnowprefetch osvw ibs skinit wdt nodeid_msr hw_pstate npt lbrv svm_lock nrip_save vmmcall
bogomips	: 4389.18
TLB size	: 1024 4K pages
clflush size	: 64
cache_alignment	: 64
address sizes	: 48 bits physical, 48 bits virtual
power management: ts ttp tm stc 100mhzsteps hwpstate

processor	: 1
vendor_id	: AuthenticAMD
cpu family	: 16
model		: 5
model name	: AMD Phenom(tm) II N970 Quad-Core Processor
stepping	: 3
microcode	: 0x10000c8
cpu MHz		: 800.000
cache size	: 512 KB
physical id	: 0
siblings	: 4
core id		: 1
cpu cores	: 4
apicid		: 1
initial apicid	: 1
fpu		: yes
fpu_exception	: yes
cpuid level	: 5
wp		: yes
flags		: fpu vme de pse tsc msr pae mce cx8 apic sep mtrr pge mca cmov pat pse36 clflush mmx fxsr sse sse2 ht syscall nx mmxext fxsr_opt pdpe1gb rdtscp lm 3dnowext 3dnow constant_tsc rep_good nopl nonstop_tsc extd_apicid pni monitor cx16 popcnt lahf_lm cmp_legacy svm extapic cr8_legacy abm sse4a misalignsse 3dnowprefetch osvw ibs skinit wdt nodeid_msr hw_pstate npt lbrv svm_lock nrip_save vmmcall
bogomips	: 4389.18
TLB size	: 1024 4K pages
clflush size	: 64
cache_alignment	: 64
address sizes	: 48 bits physical, 48 bits virtual
power management: ts ttp tm stc 100mhzsteps hwpstate

processor	: 2
vendor_id	: AuthenticAMD
cpu family	: 16
model		: 5
model name	: AMD Phenom(tm) II N970 Quad-Core Processor
stepping	: 3
microcode	: 0x10000c8
cpu MHz		: 2200.000
cache size	: 512 KB
physical id	: 0
siblings	: 4
core id		: 2
cpu cores	: 4
apicid		: 2
initial apicid	: 2
fpu		: yes
fpu_exception	: yes
cpuid level	: 5
wp		: yes
flags		: fpu vme de pse tsc msr pae mce cx8 apic sep mtrr pge mca cmov pat pse36 clflush mmx fxsr sse sse2 ht syscall nx mmxext fxsr_opt pdpe1gb rdtscp lm 3dnowext 3dnow constant_tsc rep_good nopl nonstop_tsc extd_apicid pni monitor cx16 popcnt lahf_lm cmp_legacy svm extapic cr8_legacy abm sse4a misalignsse 3dnowprefetch osvw ibs skinit wdt nodeid_msr hw_pstate npt lbrv svm_lock nrip_save vmmcall
bogomips	: 4389.18
TLB size	: 1024 4K pages
clflush size	: 64
cache_alignment	: 64
address sizes	: 48 bits physical, 48 bits virtual
power management: ts ttp tm stc 100mhzsteps hwpstate

processor	: 3
vendor_id	: AuthenticAMD
cpu family	: 16
model		: 5
model name	: AMD Phenom(tm) II N970 Quad-Core Processor
stepping	: 3
microcode	: 0x10000c8
cpu MHz		: 2200.000
cache size	: 512 KB
physical id	: 0
siblings	: 4
core id		: 3
cpu cores	: 4
apicid		: 3
initial apicid	: 3
fpu		: yes
fpu_exception	: yes
cpuid level	: 5
wp		: yes
flags		: fpu vme de pse tsc msr pae mce cx8 apic sep mtrr pge mca cmov pat pse36 clflush mmx fxsr sse sse2 ht syscall nx mmxext fxsr_opt pdpe1gb rdtscp lm 3dnowext 3dnow constant_tsc rep_good nopl nonstop_tsc extd_apicid pni monitor cx16 popcnt lahf_lm cmp_legacy svm extapic cr8_legacy abm sse4a misalignsse 3dnowprefetch osvw ibs skinit wdt nodeid_msr hw_pstate npt lbrv svm_lock nrip_save vmmcall
bogomips	: 4389.18
TLB size	: 1024 4K pages
clflush size	: 64
cache_alignment	: 64
address sizes	: 48 bits physical, 48 bits virtual
power management: ts ttp tm stc 100mhzsteps hwpstate



Memory: 4k page, physical 3788960k(1026088k free), swap 7999484k(7499620k free)

vm_info: Java HotSpot(TM) 64-Bit Server VM (25.25-b02) for linux-amd64 JRE (1.8.0_25-b17), built on Sep 17 2014 17:32:11 by "java_re" with gcc 4.3.0 20080428 (Red Hat 4.3.0-8)

time: Mon Feb 22 07:06:53 2016
elapsed time: 18 seconds (0d 0h 0m 18s)

